Arguments: 
  C:\Program Files\nodejs\node.exe C:\Users\PALAK SHARMA\AppData\Roaming\npm\node_modules\yarn\bin\yarn.js add @react-pdf-viewer

PATH: 
  C:\WINDOWS\system32;C:\WINDOWS;C:\WINDOWS\System32\Wbem;C:\WINDOWS\System32\WindowsPowerShell\v1.0\;C:\WINDOWS\System32\OpenSSH\;C:\MinGW\bin;C:\Program Files\Git\cmd;C:\Program Files\nodejs\;C:\Program Files\Docker\Docker\resources\bin;C:\Users\PALAK SHARMA\AppData\Local\Programs\Python\Python39\Scripts\;C:\Users\PALAK SHARMA\AppData\Local\Programs\Python\Python39\;C:\Users\PALAK SHARMA\AppData\Local\Microsoft\WindowsApps;C:\Users\PALAK SHARMA\AppData\Local\Programs\Microsoft VS Code\bin;C:\Program Files\JetBrains\PyCharm Community Edition 2021.1.3\bin;;C:\Users\PALAK SHARMA\AppData\Local\Programs\cpeditor;C:\src\flutter\flutter\bin;C:\Users\PALAK SHARMA\AppData\Local\Programs\Hyper\resources\bin;C:\Users\PALAK SHARMA\php;C:\Users\PALAK SHARMA\AppData\Roaming\npm;C:\Users\PALAK SHARMA\AppData\Local\Programs\Python\Python39\Scripts;

Yarn version: 
  1.22.19

Node version: 
  18.14.0

Platform: 
  win32 x64

Trace: 
  Error: https://registry.yarnpkg.com/@react-pdf-viewer: Request "https://registry.yarnpkg.com/@react-pdf-viewer" returned a 405
      at params.callback [as _callback] (C:\Users\PALAK SHARMA\AppData\Roaming\npm\node_modules\yarn\lib\cli.js:66154:18)
      at self.callback (C:\Users\PALAK SHARMA\AppData\Roaming\npm\node_modules\yarn\lib\cli.js:140890:22)
      at Request.emit (node:events:513:28)
      at Request.<anonymous> (C:\Users\PALAK SHARMA\AppData\Roaming\npm\node_modules\yarn\lib\cli.js:141862:10)
      at Request.emit (node:events:513:28)
      at IncomingMessage.<anonymous> (C:\Users\PALAK SHARMA\AppData\Roaming\npm\node_modules\yarn\lib\cli.js:141784:12)
      at Object.onceWrapper (node:events:627:28)
      at IncomingMessage.emit (node:events:525:35)
      at endReadableNT (node:internal/streams/readable:1359:12)
      at process.processTicksAndRejections (node:internal/process/task_queues:82:21)

npm manifest: 
  {
    "dependencies": {
      "axios": "^1.6.0",
      "cors": "^2.8.5",
      "multer": "^1.4.5-lts.1",
      "react-pdf-viewer": "^0.1.0"
    }
  }

yarn manifest: 
  No manifest

Lockfile: 
  No lockfile
